<?xml version='1.0' encoding='utf_8'?>
<checkstyle><file name="D:\a\dolibarr\dolibarr\htdocs\core\class\utils.class.php"><error severity="error" line="762" message="fopen(D:\a\dolibarr\dolibarr\documents/admin/temp/out.tmp): failed to open stream: No such file or directory" /></file><file name="D:\a\dolibarr\dolibarr\htdocs\core\lib\files.lib.php"><error severity="error" line="488" message="is_file(): open_basedir restriction in effect. File(/adir/that/does/not/exists/file.csv) is not within the allowed path(s): (D:\a\dolibarr\dolibarr\htdocs;D:\a\dolibarr\dolibarr\documents;D:\a\dolibarr\dolibarr\test;D:\a\dolibarr\dolibarr\dev\initdemo;c:\tools\php)" /><error severity="error" line="458" message="is_dir(): open_basedir restriction in effect. File(/tmp) is not within the allowed path(s): (D:\a\dolibarr\dolibarr\htdocs;D:\a\dolibarr\dolibarr\documents;D:\a\dolibarr\dolibarr\test;D:\a\dolibarr\dolibarr\dev\initdemo;c:\tools\php)" /></file><file name="D:\a\dolibarr\dolibarr\htdocs\categories\class\categorie.class.php"><error severity="error" line="1801" message="file_exists(): open_basedir restriction in effect. File(/) is not within the allowed path(s): (D:\a\dolibarr\dolibarr\htdocs;D:\a\dolibarr\dolibarr\documents;D:\a\dolibarr\dolibarr\test;D:\a\dolibarr\dolibarr\dev\initdemo;c:\tools\php)" /></file><file name="D:\a\dolibarr\dolibarr\test\phpunit\WebservicesOtherTest.php"><error severity="error" line="193" message="count(): Parameter must be an array or an object that implements Countable" /></file><file name="D:\a\dolibarr\dolibarr\test\phpunit\WebservicesUserTest.php"><error severity="error" line="195" message="count(): Parameter must be an array or an object that implements Countable" /></file><file name="D:\a\dolibarr\dolibarr\htdocs\core\lib\functions2.lib.php"><error severity="error" line="100" message="is_dir(): open_basedir restriction in effect. File(D:\a\dolibarr\dolibarr\htdocs/..) is not within the allowed path(s): (D:\a\dolibarr\dolibarr\htdocs;D:\a\dolibarr\dolibarr\documents;D:\a\dolibarr\dolibarr\test;D:\a\dolibarr\dolibarr\dev\initdemo;c:\tools\php)" /></file><file name="D:\a\dolibarr\dolibarr\test\phpunit\FilesLibTest.php"><error severity="error" line="578" message="move of directory on existing directory with empty directory&#10;Failed asserting that false is true." /></file><file name="D:\a\dolibarr\dolibarr\test\phpunit\FunctionsLibTest.php"><error severity="error" line="436" message="Failed asserting that 1 matches expected 0." /></file><file name="D:\a\dolibarr\dolibarr\test\phpunit\CodingPhpTest.php"><error severity="error" line="325" message="Found string var_dump that is not just after /* or // in includes/nusoap/lib/nusoap.php&#10;Failed asserting that false is true." /></file><file name="D:\a\dolibarr\dolibarr\test\phpunit\RestAPIUserTest.php"><error severity="error" line="140" message="Parsing of json result must not be null&#10;Failed asserting that null is not null." /></file><file name="D:\a\dolibarr\dolibarr\test\phpunit\RestAPIContactTest.php"><error severity="error" line="140" message="Parsing of json result must not be null&#10;Failed asserting that null is not null." /></file><file name="D:\a\dolibarr\dolibarr\test\phpunit\RestAPIDocumentTest.php"><error severity="error" line="133" message="Parsing of json result must not be null&#10;Failed asserting that null is not null." /></file><file name="D:\a\dolibarr\dolibarr\test\phpunit\WebservicesProductsTest.php"><error severity="error" line="210" message="Failed asserting that null matches expected 'OK'." /></file><file name="D:\a\dolibarr\dolibarr\test\phpunit\WebservicesInvoicesTest.php"><error severity="error" line="277" message="Failed asserting that null matches expected 'OK'." /></file><file name="D:\a\dolibarr\dolibarr\test\phpunit\WebservicesOrdersTest.php"><error severity="error" line="189" message="Failed asserting that null matches expected 'OK'." /></file><file name="D:\a\dolibarr\dolibarr\test\phpunit\WebservicesThirdpartyTest.php"><error severity="error" line="233" message="Failed asserting that null matches expected 'OK'." /></file><file name="D:\a\dolibarr\dolibarr\test\phpunit\ScriptsTest.php"><error severity="error" line="185" message="Failed asserting that two strings are equal.&#10;--- Expected&#10;+++ Actual&#10;@@ @@&#10;-''&#10;+'Failed to find bank account with ref BANKDUMMY.'" /></file><file name="D:\a\dolibarr\dolibarr\test\phpunit\PaypalTest.php"><error severity="error" line="156" message="Failed asserting that 404 matches expected 200." /></file><file name="D:\a\dolibarr\dolibarr\test\phpunit\StripeTest.php"><error severity="error" line="156" message="Failed asserting that 404 matches expected 200." /></file></checkstyle>